File data\WeisdaleBurn Station.csv opened correctly.
Data in put from file data\WeisdaleBurn Station.csv is completed.
Total observations have been read: 927.
Reading data for station WeisdaleMi.SG.ir.O took 0.0270402 minutes of CPU time.
File data\Data.ZRXPSEND.398761362579297 opened correctly.
Data input for station 1 (Alford.SG.ir.O) is over.
Total observations: 320.
Data input for station 2 (Culfork.SG.ir.O) is over.
Total observations: 309.
Data input for station 3 (DalhousieB.SG.ir.O) is over.
Total observations: 308.
Data input for station 4 (Ellon.SG.ir.O) is over.
Total observations: 308.
Data input for station 5 (Garthdee.SG.ir.O) is over.
Total observations: 309.
Data input for station 6 (Haughton.SG.ir.O) is over.
Total observations: 309.
Data input for station 7 (HeughHead.SG.ir.O) is over.
Total observations: 308.
Data input for station 8 (Inverbervi.SG.ir.O) is over.
Total observations: 308.
Data input for station 9 (Invergairn.SG.ir.O) is over.
Total observations: 308.
Data input for station 10 (Inveriscan.SG.ir.O) is over.
Total observations: 308.
Data input for station 11 (Invermark.SG.ir.O) is over.
Total observations: 308.
Data input for station 12 (Invermuick.SG.ir.O) is over.
Total observations: 308.
Data input for station 13 (Inverugie.SG.ir.O) is over.
Total observations: 308.
Data input for station 14 (Inverurie.SG.ir.O) is over.
Total observations: 307.
Data input for station 15 (Kirktownof.SG.ir.O) is over.
Total observations: 309.
Data input for station 16 (LogieMill.SG.ir.O) is over.
Total observations: 308.
Data input for station 17 (LutherBrid.SG.ir.O) is over.
Total observations: 309.
Data input for station 18 (MarLodge.SG.ir.O) is over.
Total observations: 308.
Data input for station 19 (MeikleKino.SG.ir.O) is over.
Total observations: 309.
Data input for station 20 (MillofKeit.SG.ir.O) is over.
Total observations: 328.
Data input for station 21 (OldRayne.SG.ir.O) is over.
Total observations: 309.
Data input for station 22 (Park.SG.ir.O) is over.
Total observations: 321.
Data input for station 23 (Parkhill.SG.ir.O) is over.
Total observations: 321.
Data input for station 24 (Pitcaple.SG.ir.O) is over.
Total observations: 308.
Data input for station 25 (Polhollick.SG.ir.O) is over.
Total observations: 321.
Data input for station 26 (WeisdaleMi.SG.ir.O) is over.
Total observations: 308.
Data input for station 27 (Woodend.SG.ir.O) is over.
Total observations: 308.
Data input for station 28 (Allnabad.SG.ir.O) is over.
Total observations: 311.
Data input for station 29 (Alness.SG.ir.O) is over.
Total observations: 311.
Data input for station 30 (Apigill.SG.ir.O) is over.
Total observations: 311.
Data input for station 31 (ArcanSpill.SG.ir.O) is over.
Total observations: 311.
Data input for station 32 (Ariundle.SG.ir.O) is over.
Total observations: 311.
Data input for station 33 (BorgieBrid.SG.ir.O) is over.
Total observations: 310.
Data input for station 34 (BridgeofOi.SG.ir.O) is over.
Total observations: 322.
Data input for station 35 (Bruachrobi.SG.ir.O) is over.
Total observations: 311.
Data input for station 36 (Camisky.SG.ir.O) is over.
Total observations: 310.
Data input for station 37 (Claggan.SG.ir.O) is over.
Total observations: 310.
Data input for station 38 (CononBridg.SG.ir.O) is over.
Total observations: 311.
Data input for station 39 (Corpach.SG.ir.O) is over.
Total observations: 311.
Data input for station 40 (Craigard.SG.ir.O) is over.
Total observations: 322.
Data input for station 41 (Craigendar.SG.ir.O) is over.
Total observations: 311.
Data input for station 42 (CreedBridg.SG.ir.O) is over.
Total observations: 310.
Data input for station 43 (Dosmuchera.SG.ir.O) is over.
Total observations: 336.
Data input for station 44 (Durkadale.SG.ir.O) is over.
Total observations: 310.
Data input for station 45 (EasterTurn.SG.ir.O) is over.
Total observations: 311.
Data input for station 46 (Elphin.SG.ir.O) is over.
Total observations: 312.
Data input for station 47 (Erchless.SG.ir.O) is over.
Total observations: 310.
Data input for station 48 (FaichBhior.SG.ir.O) is over.
Total observations: 337.
Data input for station 49 (Fasnakyle.SG.ir.O) is over.
Total observations: 311.
Data input for station 50 (Garve.SG.ir.O) is over.
Total observations: 337.
Data input for station 51 (Glenmeanie.SG.ir.O) is over.
Total observations: 337.
Data input for station 52 (Halkirk.SG.ir.O) is over.
Total observations: 311.
Data input for station 53 (Halladale.SG.ir.O) is over.
Total observations: 311.
Data input for station 54 (Inveran.SG.ir.O) is over.
Total observations: 215.
Data input for station 55 (Inverbroom.SG.ir.O) is over.
Total observations: 312.
Data input for station 56 (InverOykel.SG.ir.O) is over.
Total observations: 311.
Data input for station 57 (KerrowWood.SG.ir.O) is over.
Total observations: 311.
Data input for station 58 (Killilan.SG.ir.O) is over.
Total observations: 310.
Data input for station 59 (Kilphedir.SG.ir.O) is over.
Total observations: 311.
Data input for station 60 (Kinlochewe.SG.ir.O) is over.
Total observations: 311.
Data input for station 61 (LangwellLo.SG.ir.O) is over.
Total observations: 312.
Data input for station 62 (Laxdale.SG.ir.O) is over.
Total observations: 311.
Data input for station 63 (LaxfordBri.SG.ir.O) is over.
Total observations: 311.
Data input for station 64 (LittleAssy.SG.ir.O) is over.
Total observations: 310.
Data input for station 65 (LochABhrao.SG.ir.O) is over.
Total observations: 311.
Data input for station 66 (LochAilshL.SG.ir.O) is over.
Total observations: 311.
Data input for station 67 (LochNaver.SG.ir.O) is over.
Total observations: 311.
Data input for station 68 (LochTormsa.SG.ir.O) is over.
Total observations: 311.
Data input for station 69 (MillCroft.SG.ir.O) is over.
Total observations: 311.
Data input for station 70 (MoyBridge.SG.ir.O) is over.
Total observations: 311.
Data input for station 71 (NewKelso.SG.ir.O) is over.
Total observations: 310.
Data input for station 72 (Polloch.SG.ir.O) is over.
Total observations: 311.
Data input for station 73 (Poolewe.SG.ir.O) is over.
Total observations: 311.
Data input for station 74 (RedBridge.SG.ir.O) is over.
Total observations: 312.
Data input for station 75 (Rosehall.SG.ir.O) is over.
Total observations: 312.
Data input for station 76 (Sgodachail.SG.ir.O) is over.
Total observations: 311.
Data input for station 77 (Shielfoot.SG.ir.O) is over.
Total observations: 311.
Data input for station 78 (Skeabost.SG.ir.O) is over.
Total observations: 311.
Data input for station 79 (Strathpeff.SG.ir.O) is over.
Total observations: 311.
Data input for station 80 (StrathyBri.SG.ir.O) is over.
Total observations: 311.
Data input for station 81 (Struy.SG.ir.O) is over.
Total observations: 312.
Data input for station 82 (Tarroul.SG.ir.O) is over.
Total observations: 311.
Data input for station 83 (Airyhemmin.SG.ir.O) is over.
Total observations: 309.
Data input for station 84 (Barsolus.SG.ir.O) is over.
Total observations: 281.
Data input for station 85 (Braidlie.SG.ir.O) is over.
Total observations: 308.
Data input for station 86 (Bridgemuir.SG.ir.O) is over.
Total observations: 309.
Data input for station 87 (Brydekirk.SG.ir.O) is over.
Total observations: 309.
Data input for station 88 (Canonbie.SG.ir.O) is over.
Total observations: 309.
Data input for station 89 (Capenoch.SG.ir.O) is over.
Total observations: 308.
Data input for station 90 (Dalbeatti1.SG.ir.O) is over.
Total observations: 321.
Data input for station 91 (Dalgig.SG.ir.O) is over.
Total observations: 345.
Data input for station 92 (Drumlanrig.SG.ir.O) is over.
Total observations: 308.
Data input for station 93 (FiddlersFo.SG.ir.O) is over.
Total observations: 321.
Data input for station 94 (FriarsCars.SG.ir.O) is over.
Total observations: 321.
Data input for station 95 (Glenlochar.SG.ir.O) is over.
Total observations: 309.
Data input for station 96 (Greensands.SG.ir.O) is over.
Total observations: 308.
Data input for station 97 (HallBridge.SG.ir.O) is over.
Total observations: 309.
Data input for station 98 (LowMalzie.SG.ir.O) is over.
Total observations: 309.
Data input for station 99 (MinnochBri.SG.ir.O) is over.
Total observations: 274.
Data input for station 100 (Mossknowe.SG.ir.O) is over.
Total observations: 309.
Data input for station 101 (Newcastlet.SG.ir.O) is over.
Total observations: 309.
Data input for station 102 (NewtonSte1.SG.ir.O) is over.
Total observations: 309.
Data input for station 103 (Nungate.SG.ir.P) is over.
Total observations: 312.
Data input for station 104 (PlumpeBrid.SG.ir.O) is over.
Total observations: 328.
Data input for station 105 (Redhall.SG.ir.O) is over.
Total observations: 309.
Data input for station 106 (Rowanburnf.SG.ir.O) is over.
Total observations: 344.
Data input for station 107 (Rusko.SG.ir.O) is over.
Total observations: 309.
Data input for station 108 (Whitesands.SG.ir.O) is over.
Total observations: 309.
Data input for station 109 (Woodfoot.SG.ir.P) is over.
Total observations: 309.
Data input for station 110 (Abington.SG.ir.P) is over.
Total observations: 310.
Data input for station 111 (Auchendran.SG.ir.P) is over.
Total observations: 345.
Data input for station 112 (Auchengeic.SG.ir.P) is over.
Total observations: 230.
Data input for station 113 (Avonbank.SG.ir.P) is over.
Total observations: 345.
Data input for station 114 (Balnowlart.SG.ir.P) is over.
Total observations: 310.
Data input for station 115 (BarnalineL.SG.ir.P) is over.
Total observations: 310.
Data input for station 116 (Blairston.SG.ir.P) is over.
Total observations: 230.
Data input for station 117 (Braevallic.SG.ir.P) is over.
Total observations: 310.
Data input for station 118 (Bridgend.SG.ir.P) is over.
Total observations: 310.
Data input for station 119 (Calderpark.SG.ir.P) is over.
Total observations: 345.
Data input for station 120 (Candermill.SG.ir.P) is over.
Total observations: 310.
Data input for station 121 (Catrine.SG.ir.P) is over.
Total observations: 310.
Data input for station 122 (Condorrat.SG.ir.P) is over.
Total observations: 310.
Data input for station 123 (Craigend.SG.ir.P) is over.
Total observations: 311.
Data input for station 124 (Daldowie.SG.ir.P) is over.
Total observations: 310.
Data input for station 125 (Dippen.SG.ir.P) is over.
Total observations: 310.
Data input for station 126 (Dreghorn.SG.ir.P) is over.
Total observations: 345.
Data input for station 127 (Dryfield.SG.ir.P) is over.
Total observations: 310.
Data input for station 128 (EasDaimh.SG.ir.P) is over.
Total observations: 233.
Data input for station 129 (EglintonCa.SG.ir.P) is over.
Total observations: 342.
Data input for station 130 (Fairholm.SG.ir.P) is over.
Total observations: 310.
Data input for station 131 (Gaidrew.SG.ir.P) is over.
Total observations: 319.
Data input for station 132 (GirvanTide.SG.ir.P) is over.
Total observations: 310.
Data input for station 133 (GlenOrchy.SG.ir.P) is over.
Total observations: 310.
Data input for station 134 (GlenStrae.SG.ir.P) is over.
Total observations: 310.
Data input for station 135 (Glenfalloc.SG.ir.P) is over.
Total observations: 310.
Data input for station 136 (GlenfieldF.SG.ir.P) is over.
Total observations: 310.
Data input for station 137 (Happendon.SG.ir.P) is over.
Total observations: 310.
Data input for station 138 (Hawkhead.SG.ir.P) is over.
Total observations: 345.
Data input for station 139 (Hazelbank.SG.ir.P) is over.
Total observations: 310.
Data input for station 140 (HoodstonBr.SG.ir.P) is over.
Total observations: 310.
Data input for station 141 (Howard Park.SG.ir.P) is over.
Total observations: 309.
Data input for station 142 (Inverlochy.SG.ir.P) is over.
Total observations: 310.
Data input for station 143 (IrvineWate.SG.ir.P) is over.
Total observations: 345.
Data input for station 144 (Killermon1.SG.ir.P) is over.
Total observations: 311.
Data input for station 145 (Kilwinning.SG.ir.P) is over.
Total observations: 342.
Data input for station 146 (Kirkfieldb.SG.ir.P) is over.
Total observations: 310.
Data input for station 147 (Kirkmuirhi.SG.ir.P) is over.
Total observations: 310.
Data input for station 148 (LangholmA.SG.ir.P) is over.
Total observations: 342.
Data input for station 149 (Lawersbrid.SG.ir.P) is over.
Total observations: 311.
Data input for station 150 (LennoxCast.SG.ir.P) is over.
Total observations: 310.
Data input for station 151 (Letham.SG.ir.P) is over.
Total observations: 311.
Data input for station 152 (Linnbrane.SG.ir.P) is over.
Total observations: 310.
Data input for station 153 (Luss.SG.ir.P) is over.
Total observations: 340.
Data input for station 154 (Maidencots.SG.ir.P) is over.
Total observations: 310.
Data input for station 155 (Mainholm.SG.ir.P) is over.
Total observations: 321.
Data input for station 156 (MillikenPa.SG.ir.P) is over.
Total observations: 310.
Data input for station 157 (Milngavie.SG.ir.P) is over.
Total observations: 311.
Data input for station 158 (MiltonofCa.SG.ir.P) is over.
Total observations: 230.
Data input for station 159 (MonyquilFa.SG.ir.P) is over.
Total observations: 311.
Data input for station 160 (Newmilns.SG.ir.P) is over.
Total observations: 310.
Data input for station 161 (ObanTidal.SG.ir.P) is over.
Total observations: 344.
Data input for station 162 (Oxgang.SG.ir.P) is over.
Total observations: 310.
Data input for station 163 (Redlees.SG.ir.P) is over.
Total observations: 345.
Data input for station 164 (RenfrewTid.SG.ir.P) is over.
Total observations: 311.
Data input for station 165 (Robstone.SG.ir.P) is over.
Total observations: 310.
Data input for station 166 (RossPriory.SG.ir.P) is over.
Total observations: 310.
Data input for station 167 (Shewalton.SG.ir.P) is over.
Total observations: 321.
Data input for station 168 (SpiersBrid.SG.ir.P) is over.
Total observations: 289.
Data input for station 169 (TarbertTid.SG.ir.P) is over.
Total observations: 309.
Data input for station 170 (TullifordM.SG.ir.P) is over.
Total observations: 311.
Data input for station 171 (VictoriaBr.SG.ir.P) is over.
Total observations: 311.
Data input for station 172 (Waterfoot.SG.ir.P) is over.
Total observations: 322.
Data input for station 173 (Waterside.SG.ir.P) is over.
Total observations: 345.
Data input for station 174 (Almondell.SG.ir.P) is over.
Total observations: 312.
Data input for station 175 (Anie.SG.ir.P) is over.
Total observations: 312.
Data input for station 176 (Athelstane.SG.ir.P) is over.
Total observations: 312.
Data input for station 177 (BalfourMai.SG.ir.P) is over.
Total observations: 312.
Data input for station 178 (Bannockbur.SG.ir.P) is over.
Total observations: 312.
Data input for station 179 (Bonnybrid1.SG.ir.P) is over.
Total observations: 312.
Data input for station 180 (BridgeofAl.SG.ir.P) is over.
Total observations: 312.
Data input for station 181 (BridgeofTe.SG.ir.P) is over.
Total observations: 313.
Data input for station 182 (Broxmouth.SG.ir.P) is over.
Total observations: 313.
Data input for station 183 (Callander.SG.ir.P) is over.
Total observations: 313.
Data input for station 184 (Castlehil1.SG.ir.P) is over.
Total observations: 313.
Data input for station 185 (Colinton.SG.ir.P) is over.
Total observations: 312.
Data input for station 186 (Cowbridge.SG.ir.P) is over.
Total observations: 312.
Data input for station 187 (Craigforth.SG.ir.P) is over.
Total observations: 312.
Data input for station 188 (Craigiehal.SG.ir.P) is over.
Total observations: 313.
Data input for station 189 (Dalmore.SG.ir.P) is over.
Total observations: 312.
Data input for station 190 (DamleysCot.SG.ir.P) is over.
Total observations: 313.
Data input for station 191 (EastLinto1.SG.ir.P) is over.
Total observations: 312.
Data input for station 192 (Glenochil.SG.ir.P) is over.
Total observations: 312.
Data input for station 193 (Headswood.SG.ir.P) is over.
Total observations: 312.
Data input for station 194 (Kinbuck.SG.ir.P) is over.
Total observations: 312.
Data input for station 195 (Lathro.SG.ir.P) is over.
Total observations: 312.
Data input for station 196 (Lennoxlove.SG.ir.P) is over.
Total observations: 312.
Data input for station 197 (Liberton.SG.ir.P) is over.
Total observations: 321.
Data input for station 198 (LochKatrin.SG.ir.P) is over.
Total observations: 312.
Data input for station 199 (LochVenach.SG.ir.P) is over.
Total observations: 312.
Data input for station 200 (Luffness.SG.ir.P) is over.
Total observations: 312.
Data input for station 201 (Milton.SG.ir.P) is over.
Total observations: 313.
Data input for station 202 (Murrayfiel.SG.ir.P) is over.
Total observations: 312.
Data input for station 203 (Musselbur1.SG.ir.P) is over.
Total observations: 312.
Data input for station 204 (Musselbur2.SG.ir.P) is over.
Total observations: 313.
Data input for station 205 (Spilmersfo.SG.ir.P) is over.
Total observations: 313.
Data input for station 206 (Turnhouse.SG.ir.P) is over.
Total observations: 313.
Data input for station 207 (Whitburn.SG.ir.P) is over.
Total observations: 312.
Data input for station 208 (Aberlour.SG.ir.P) is over.
Total observations: 309.
Data input for station 209 (ArdachyBri.SG.ir.P) is over.
Total observations: 322.
Data input for station 210 (Avochie.SG.ir.P) is over.
Total observations: 312.
Data input for station 211 (Balnaan.SG.ir.P) is over.
Total observations: 312.
Data input for station 212 (Balnafoich.SG.ir.P) is over.
Total observations: 319.
Data input for station 213 (BoatoBrig.SG.ir.P) is over.
Total observations: 312.
Data input for station 214 (BoatofGart.SG.ir.P) is over.
Total observations: 312.
Data input for station 215 (Brodie.SG.ir.P) is over.
Total observations: 283.
Data input for station 216 (Buckie.SG.ir.P) is over.
Total observations: 345.
Data input for station 217 (Cabrach.SG.ir.P) is over.
Total observations: 312.
Data input for station 218 (Clachnahar.SG.ir.P) is over.
Total observations: 322.
Data input for station 219 (Delnashaug.SG.ir.P) is over.
Total observations: 312.
Data input for station 220 (Dunphail.SG.ir.P) is over.
Total observations: 319.
Data input for station 221 (FeshieBrid.SG.ir.P) is over.
Total observations: 312.
Data input for station 222 (Firhall.SG.ir.P) is over.
Total observations: 319.
Data input for station 223 (Forres.SG.ir.P) is over.
Total observations: 319.
Data input for station 224 (FortAugust.SG.ir.P) is over.
Total observations: 322.
Data input for station 225 (Grange.SG.ir.P) is over.
Total observations: 312.
Data input for station 226 (Grantown.SG.ir.P) is over.
Total observations: 312.
Data input for station 227 (HuntlyGS.SG.ir.P) is over.
Total observations: 312.
Data input for station 228 (Invertruim.SG.ir.P) is over.
Total observations: 312.
Data input for station 229 (IvyBridge.SG.ir.P) is over.
Total observations: 321.
Data input for station 230 (Kincraig.SG.ir.P) is over.
Total observations: 312.
Data input for station 231 (Kinrara.SG.ir.P) is over.
Total observations: 312.
Data input for station 232 (Levishie.SG.ir.P) is over.
Total observations: 321.
Data input for station 233 (Lochindorb.SG.ir.P) is over.
Total observations: 320.
Data input for station 234 (MillofTore.SG.ir.P) is over.
Total observations: 322.
Data input for station 235 (Minmore.SG.ir.P) is over.
Total observations: 312.
Data input for station 236 (Monaughty.SG.ir.P) is over.
Total observations: 313.
Data input for station 237 (Muiresk.SG.ir.P) is over.
Total observations: 312.
Data input for station 238 (Ness-side.SG.ir.P) is over.
Total observations: 321.
Data input for station 239 (Pluscarden.SG.ir.P) is over.
Total observations: 345.
Data input for station 240 (Redcraig.SG.ir.P) is over.
Total observations: 312.
Data input for station 241 (Shenachie.SG.ir.P) is over.
Total observations: 319.
Data input for station 242 (Sheriffmil.SG.ir.P) is over.
Total observations: 312.
Data input for station 243 (Sluggan.SG.ir.P) is over.
Total observations: 312.
Data input for station 244 (SpeyDam.SG.ir.P) is over.
Total observations: 312.
Data input for station 245 (Torwinny.SG.ir.P) is over.
Total observations: 312.
Data input for station 246 (TromieBrid.SG.ir.P) is over.
Total observations: 312.
Data input for station 247 (WardendBri.SG.ir.P) is over.
Total observations: 319.
Data input for station 248 (WhiteBr.SG.ir.P) is over.
Total observations: 322.
Data input for station 249 (AbbeyStBat.SG.ir.P) is over.
Total observations: 320.
Data input for station 250 (Ancrum.SG.ir.P) is over.
Total observations: 312.
Data input for station 251 (BiggarBurn.SG.ir.P) is over.
Total observations: 312.
Data input for station 252 (Boleside.SG.ir.P) is over.
Total observations: 336.
Data input for station 253 (Brockhoper.SG.ir.P) is over.
Total observations: 336.
Data input for station 254 (Cademuir.SG.ir.P) is over.
Total observations: 313.
Data input for station 255 (Chesters.SG.ir.P) is over.
Total observations: 310.
Data input for station 256 (Coldstrea1.SG.ir.P) is over.
Total observations: 312.
Data input for station 257 (CraigDougl.SG.ir.P) is over.
Total observations: 313.
Data input for station 258 (Deephope.SG.ir.P) is over.
Total observations: 311.
Data input for station 259 (Earlston.SG.ir.P) is over.
Total observations: 337.
Data input for station 260 (EyemouthMi.SG.ir.P) is over.
Total observations: 322.
Data input for station 261 (Fountainha.SG.ir.P) is over.
Total observations: 310.
Data input for station 262 (Galashiels.SG.ir.P) is over.
Total observations: 312.
Data input for station 263 (Glenbreck.SG.ir.P) is over.
Total observations: 312.
Data input for station 264 (GordonArms.SG.ir.P) is over.
Total observations: 310.
Data input for station 265 (Grantshous.SG.ir.P) is over.
Total observations: 312.
Data input for station 266 (Hawick.SG.ir.P) is over.
Total observations: 337.
Data input for station 267 (HuttonCast.SG.ir.P) is over.
Total observations: 337.
Data input for station 268 (Innerleith.SG.ir.P) is over.
Total observations: 312.
Data input for station 269 (Jedburgh.SG.ir.P) is over.
Total observations: 311.
Data input for station 270 (Kingledore.SG.ir.P) is over.
Total observations: 336.
Data input for station 271 (Ladyflat.SG.ir.P) is over.
Total observations: 313.
Data input for station 272 (Lauder(New.SG.ir.P) is over.
Total observations: 312.
Data input for station 273 (Lindean.SG.ir.P) is over.
Total observations: 337.
Data input for station 274 (LyneFord.SG.ir.P) is over.
Total observations: 312.
Data input for station 275 (LyneStatio.SG.ir.P) is over.
Total observations: 311.
Data input for station 276 (MarchStree.SG.ir.P) is over.
Total observations: 312.
Data input for station 277 (Mouthbridg.SG.ir.P) is over.
Total observations: 321.
Data input for station 278 (Norham.SG.ir.P) is over.
Total observations: 336.
Data input for station 279 (OrmistonMi.SG.ir.P) is over.
Total observations: 336.
Data input for station 280 (Peebles.SG.ir.P) is over.
Total observations: 336.
Data input for station 281 (Philiphaug.SG.ir.P) is over.
Total observations: 312.
Data input for station 282 (Shiplaw.SG.ir.P) is over.
Total observations: 328.
Data input for station 283 (Sprouston.SG.ir.P) is over.
Total observations: 337.
Data input for station 284 (Stobs.SG.ir.P) is over.
Total observations: 311.
Data input for station 285 (Teviothead.SG.ir.P) is over.
Total observations: 336.
Data input for station 286 (Aberuchill.SG.ir.P) is over.
Total observations: 310.
Data input for station 287 (Aberuthven.SG.ir.P) is over.
Total observations: 309.
Data input for station 288 (Almondbank.SG.ir.P) is over.
Total observations: 310.
Data input for station 289 (Arbroath.SG.ir.P) is over.
Total observations: 322.
Data input for station 290 (ArbroathTi.SG.ir.P) is over.
Total observations: 314.
Data input for station 291 (Auchinner.SG.ir.P) is over.
Total observations: 310.
Data input for station 292 (Balbrogie.SG.ir.P) is over.
Total observations: 310.
Data input for station 293 (Ballathie.SG.ir.P) is over.
Total observations: 309.
Data input for station 294 (Balmossie.SG.ir.P) is over.
Total observations: 309.
Data input for station 295 (Brechin.SG.ir.P) is over.
Total observations: 309.
Data input for station 296 (BridgeofEa.SG.ir.P) is over.
Total observations: 310.
Data input for station 297 (Camusvrach.SG.ir.P) is over.
Total observations: 310.
Data input for station 298 (Colliston.SG.ir.P) is over.
Total observations: 310.
Data input for station 299 (ComrieBrid.SG.ir.P) is over.
Total observations: 309.
Data input for station 300 (Craighall2.SG.ir.P) is over.
Total observations: 308.
Data input for station 301 (Cultybragg.SG.ir.P) is over.
Total observations: 310.
Data input for station 302 (Dalginross.SG.ir.P) is over.
Total observations: 310.
Data input for station 303 (DeanBridge.SG.ir.P) is over.
Total observations: 309.
Data input for station 304 (ForteviotB.SG.ir.P) is over.
Total observations: 309.
Data input for station 305 (GellaBridg.SG.ir.P) is over.
Total observations: 310.
Data input for station 306 (Hermitage.SG.ir.P) is over.
Total observations: 310.
Data input for station 307 (Kemback.SG.ir.P) is over.
Total observations: 345.
Data input for station 308 (Kenmore.SG.ir.P) is over.
Total observations: 310.
Data input for station 309 (Killiecran.SG.ir.P) is over.
Total observations: 321.
Data input for station 310 (Killin.SG.ir.P) is over.
Total observations: 310.
Data input for station 311 (Kindrogan.SG.ir.P) is over.
Total observations: 310.
Data input for station 312 (KinkellBri.SG.ir.P) is over.
Total observations: 310.
Data input for station 313 (KirktonMil.SG.ir.P) is over.
Total observations: 309.
Data input for station 314 (Luncarty.SG.ir.P) is over.
Total observations: 310.
Data input for station 315 (MarbleLodg.SG.ir.P) is over.
Total observations: 336.
Data input for station 316 (MillBank.SG.ir.P) is over.
Total observations: 345.
Data input for station 317 (Moar.SG.ir.P) is over.
Total observations: 309.
Data input for station 318 (NewtonBrid.SG.ir.P) is over.
Total observations: 310.
Data input for station 319 (Perth.SG.ir.P) is over.
Total observations: 310.
Data input for station 320 (Pitlochry.SG.ir.P) is over.
Total observations: 309.
Data input for station 321 (Pitnacree.SG.ir.P) is over.
Total observations: 309.
Data input for station 322 (ProsenBrid.SG.ir.P) is over.
Total observations: 309.
Data input for station 323 (StMichaels.SG.ir.P) is over.
Total observations: 310.
Data input for station 324 (Strathmigl.SG.ir.P) is over.
Total observations: 310.
Data input for station 325 (Tannadice.SG.ir.P) is over.
Total observations: 345.
Data input for station 326 (WesterCard.SG.ir.P) is over.
Total observations: 309.
Data input for station 327 (Overlee.SG.ir.P) is over.
Total observations: 310.
Data input for station 328 (Alness.Q.15) is over.
Total observations: 311.
Data input for station 329 (Park.Q.15) is over.
Total observations: 321.
Data input for station 330 (Dalbeatti2.RE.15.O) is over.
Total observations: 345.
Data input for station 331 (Woodfoot.TW.ir.O) is over.
Total observations: 309.
Data in put from file data\Data.ZRXPSEND.398761362579297 is completed.
In total, observations from 331 stations were read.
Reading data for set 1 took 1.77945 minutes of CPU time.
File data\Data.ZRXPSEND.964521362407503 opened correctly.
Data input for station 1 (Alford.SG.ir.O) is over.
Total observations: 320.
Data input for station 2 (Culfork.SG.ir.O) is over.
Total observations: 325.
Data input for station 3 (DalhousieB.SG.ir.O) is over.
Total observations: 308.
Data input for station 4 (Ellon.SG.ir.O) is over.
Total observations: 308.
Data input for station 5 (Garthdee.SG.ir.O) is over.
Total observations: 309.
Data input for station 6 (Haughton.SG.ir.O) is over.
Total observations: 309.
Data input for station 7 (HeughHead.SG.ir.O) is over.
Total observations: 308.
Data input for station 8 (Inverbervi.SG.ir.O) is over.
Total observations: 308.
Data input for station 9 (Invergairn.SG.ir.O) is over.
Total observations: 308.
Data input for station 10 (Inveriscan.SG.ir.O) is over.
Total observations: 308.
Data input for station 11 (Invermark.SG.ir.O) is over.
Total observations: 308.
Data input for station 12 (Invermuick.SG.ir.O) is over.
Total observations: 308.
Data input for station 13 (Inverugie.SG.ir.O) is over.
Total observations: 308.
Data input for station 14 (Inverurie.SG.ir.O) is over.
Total observations: 308.
Data input for station 15 (Kirktownof.SG.ir.O) is over.
Total observations: 309.
Data input for station 16 (LogieMill.SG.ir.O) is over.
Total observations: 308.
Data input for station 17 (LutherBrid.SG.ir.O) is over.
Total observations: 299.
Data input for station 18 (MarLodge.SG.ir.O) is over.
Total observations: 308.
Data input for station 19 (MeikleKino.SG.ir.O) is over.
Total observations: 309.
Data input for station 20 (MillofKeit.SG.ir.O) is over.
Total observations: 309.
Data input for station 21 (OldRayne.SG.ir.O) is over.
Total observations: 309.
Data input for station 22 (Park.SG.ir.O) is over.
Total observations: 321.
Data input for station 23 (Parkhill.SG.ir.O) is over.
Total observations: 321.
Data input for station 24 (Pitcaple.SG.ir.O) is over.
Total observations: 308.
Data input for station 25 (Polhollick.SG.ir.O) is over.
Total observations: 321.
Data input for station 26 (WeisdaleMi.SG.ir.O) is over.
Total observations: 308.
Data input for station 27 (Woodend.SG.ir.O) is over.
Total observations: 308.
Data input for station 28 (Allnabad.SG.ir.O) is over.
Total observations: 311.
Data input for station 29 (Alness.SG.ir.O) is over.
Total observations: 311.
Data input for station 30 (Apigill.SG.ir.O) is over.
Total observations: 311.
Data input for station 31 (ArcanSpill.SG.ir.O) is over.
Total observations: 311.
Data input for station 32 (Ariundle.SG.ir.O) is over.
Total observations: 311.
Data input for station 33 (BorgieBrid.SG.ir.O) is over.
Total observations: 310.
Data input for station 34 (BridgeofOi.SG.ir.O) is over.
Total observations: 311.
Data input for station 35 (Bruachrobi.SG.ir.O) is over.
Total observations: 311.
Data input for station 36 (Camisky.SG.ir.O) is over.
Total observations: 310.
Data input for station 37 (Claggan.SG.ir.O) is over.
Total observations: 310.
Data input for station 38 (CononBridg.SG.ir.O) is over.
Total observations: 311.
Data input for station 39 (Corpach.SG.ir.O) is over.
Total observations: 311.
Data input for station 40 (Craigard.SG.ir.O) is over.
Total observations: 311.
Data input for station 41 (Craigendar.SG.ir.O) is over.
Total observations: 311.
Data input for station 42 (CreedBridg.SG.ir.O) is over.
Total observations: 310.
Data input for station 43 (Dosmuchera.SG.ir.O) is over.
Total observations: 336.
Data input for station 44 (Durkadale.SG.ir.O) is over.
Total observations: 310.
Data input for station 45 (EasterTurn.SG.ir.O) is over.
Total observations: 311.
Data input for station 46 (Elphin.SG.ir.O) is over.
Total observations: 312.
Data input for station 47 (Erchless.SG.ir.O) is over.
Total observations: 310.
Data input for station 48 (FaichBhior.SG.ir.O) is over.
Total observations: 337.
Data input for station 49 (Fasnakyle.SG.ir.O) is over.
Total observations: 311.
Data input for station 50 (Garve.SG.ir.O) is over.
Total observations: 337.
Data input for station 51 (Glenmeanie.SG.ir.O) is over.
Total observations: 337.
Data input for station 52 (Halkirk.SG.ir.O) is over.
Total observations: 311.
Data input for station 53 (Halladale.SG.ir.O) is over.
Total observations: 311.
Data input for station 54 (Inveran.SG.ir.O) is over.
Total observations: 311.
Data input for station 55 (Inverbroom.SG.ir.O) is over.
Total observations: 312.
Data input for station 56 (InverOykel.SG.ir.O) is over.
Total observations: 311.
Data input for station 57 (KerrowWood.SG.ir.O) is over.
Total observations: 311.
Data input for station 58 (Killilan.SG.ir.O) is over.
Total observations: 310.
Data input for station 59 (Kilphedir.SG.ir.O) is over.
Total observations: 311.
Data input for station 60 (Kinlochewe.SG.ir.O) is over.
Total observations: 311.
Data input for station 61 (LangwellLo.SG.ir.O) is over.
Total observations: 312.
Data input for station 62 (Laxdale.SG.ir.O) is over.
Total observations: 311.
Data input for station 63 (LaxfordBri.SG.ir.O) is over.
Total observations: 311.
Data input for station 64 (LittleAssy.SG.ir.O) is over.
Total observations: 310.
Data input for station 65 (LochABhrao.SG.ir.O) is over.
Total observations: 311.
Data input for station 66 (LochAilshL.SG.ir.O) is over.
Total observations: 311.
Data input for station 67 (LochNaver.SG.ir.O) is over.
Total observations: 311.
Data input for station 68 (LochTormsa.SG.ir.O) is over.
Total observations: 311.
Data input for station 69 (MillCroft.SG.ir.O) is over.
Total observations: 311.
Data input for station 70 (MoyBridge.SG.ir.O) is over.
Total observations: 311.
Data input for station 71 (NewKelso.SG.ir.O) is over.
Total observations: 310.
Data input for station 72 (Polloch.SG.ir.O) is over.
Total observations: 311.
Data input for station 73 (Poolewe.SG.ir.O) is over.
Total observations: 311.
Data input for station 74 (RedBridge.SG.ir.O) is over.
Total observations: 312.
Data input for station 75 (Rosehall.SG.ir.O) is over.
Total observations: 312.
Data input for station 76 (Sgodachail.SG.ir.O) is over.
Total observations: 312.
Data input for station 77 (Shielfoot.SG.ir.O) is over.
Total observations: 311.
Data input for station 78 (Skeabost.SG.ir.O) is over.
Total observations: 311.
Data input for station 79 (Strathpeff.SG.ir.O) is over.
Total observations: 311.
Data input for station 80 (StrathyBri.SG.ir.O) is over.
Total observations: 311.
Data input for station 81 (Struy.SG.ir.O) is over.
Total observations: 312.
Data input for station 82 (Tarroul.SG.ir.O) is over.
Total observations: 311.
Data input for station 83 (Airyhemmin.SG.ir.O) is over.
Total observations: 309.
Data input for station 84 (Barsolus.SG.ir.O) is over.
Total observations: 309.
Data input for station 85 (Braidlie.SG.ir.O) is over.
Total observations: 308.
Data input for station 86 (Bridgemuir.SG.ir.O) is over.
Total observations: 271.
Data input for station 87 (Brydekirk.SG.ir.O) is over.
Total observations: 309.
Data input for station 88 (Canonbie.SG.ir.O) is over.
Total observations: 309.
Data input for station 89 (Capenoch.SG.ir.O) is over.
Total observations: 308.
Data input for station 90 (Dalbeatti1.SG.ir.O) is over.
Total observations: 321.
Data input for station 91 (Dalgig.SG.ir.O) is over.
Total observations: 346.
Data input for station 92 (Drumlanrig.SG.ir.O) is over.
Total observations: 308.
Data input for station 93 (FiddlersFo.SG.ir.O) is over.
Total observations: 321.
Data input for station 94 (FriarsCars.SG.ir.O) is over.
Total observations: 321.
Data input for station 95 (Glenlochar.SG.ir.O) is over.
Total observations: 309.
Data input for station 96 (Greensands.SG.ir.O) is over.
Total observations: 308.
Data input for station 97 (HallBridge.SG.ir.O) is over.
Total observations: 309.
Data input for station 98 (LowMalzie.SG.ir.O) is over.
Total observations: 309.
Data input for station 99 (MinnochBri.SG.ir.O) is over.
Total observations: 309.
Data input for station 100 (Mossknowe.SG.ir.O) is over.
Total observations: 309.
Data input for station 101 (Newcastlet.SG.ir.O) is over.
Total observations: 309.
Data input for station 102 (NewtonSte1.SG.ir.O) is over.
Total observations: 309.
Data input for station 103 (Nungate.SG.ir.P) is over.
Total observations: 334.
Data input for station 104 (PlumpeBrid.SG.ir.O) is over.
Total observations: 328.
Data input for station 105 (Redhall.SG.ir.O) is over.
Total observations: 309.
Data input for station 106 (Rowanburnf.SG.ir.O) is over.
Total observations: 346.
Data input for station 107 (Rusko.SG.ir.O) is over.
Total observations: 309.
Data input for station 108 (Whitesands.SG.ir.O) is over.
Total observations: 309.
Data input for station 109 (Woodfoot.SG.ir.P) is over.
Total observations: 309.
Data input for station 110 (Abington.SG.ir.P) is over.
Total observations: 310.
Data input for station 111 (Auchendran.SG.ir.P) is over.
Total observations: 346.
Data input for station 112 (Auchengeic.SG.ir.P) is over.
Total observations: 326.
Data input for station 113 (Avonbank.SG.ir.P) is over.
Total observations: 325.
Data input for station 114 (Balnowlart.SG.ir.P) is over.
Total observations: 310.
Data input for station 115 (BarnalineL.SG.ir.P) is over.
Total observations: 310.
Data input for station 116 (Blairston.SG.ir.P) is over.
Total observations: 326.
Data input for station 117 (Braevallic.SG.ir.P) is over.
Total observations: 310.
Data input for station 118 (Bridgend.SG.ir.P) is over.
Total observations: 310.
Data input for station 119 (Calderpark.SG.ir.P) is over.
Total observations: 346.
Data input for station 120 (Candermill.SG.ir.P) is over.
Total observations: 310.
Data input for station 121 (Catrine.SG.ir.P) is over.
Total observations: 310.
Data input for station 122 (Condorrat.SG.ir.P) is over.
Total observations: 310.
Data input for station 123 (Craigend.SG.ir.P) is over.
Total observations: 310.
Data input for station 124 (Daldowie.SG.ir.P) is over.
Total observations: 310.
Data input for station 125 (Dippen.SG.ir.P) is over.
Total observations: 310.
Data input for station 126 (Dreghorn.SG.ir.P) is over.
Total observations: 346.
Data input for station 127 (Dryfield.SG.ir.P) is over.
Total observations: 310.
Data input for station 128 (EglintonCa.SG.ir.P) is over.
Total observations: 310.
Data input for station 129 (Fairholm.SG.ir.P) is over.
Total observations: 310.
Data input for station 130 (Gaidrew.SG.ir.P) is over.
Total observations: 319.
Data input for station 131 (GirvanTide.SG.ir.P) is over.
Total observations: 311.
Data input for station 132 (GlenOrchy.SG.ir.P) is over.
Total observations: 310.
Data input for station 133 (GlenStrae.SG.ir.P) is over.
Total observations: 310.
Data input for station 134 (Glenfalloc.SG.ir.P) is over.
Total observations: 310.
Data input for station 135 (GlenfieldF.SG.ir.P) is over.
Total observations: 310.
Data input for station 136 (Happendon.SG.ir.P) is over.
Total observations: 310.
Data input for station 137 (Hawkhead.SG.ir.P) is over.
Total observations: 310.
Data input for station 138 (Hazelbank.SG.ir.P) is over.
Total observations: 310.
Data input for station 139 (HoodstonBr.SG.ir.P) is over.
Total observations: 310.
Data input for station 140 (Howard Park.SG.ir.P) is over.
Total observations: 308.
Data input for station 141 (Inverlochy.SG.ir.P) is over.
Total observations: 310.
Data input for station 142 (IrvineWate.SG.ir.P) is over.
Total observations: 346.
Data input for station 143 (Killermon1.SG.ir.P) is over.
Total observations: 311.
Data input for station 144 (Kilwinning.SG.ir.P) is over.
Total observations: 322.
Data input for station 145 (Kirkfieldb.SG.ir.P) is over.
Total observations: 310.
Data input for station 146 (Kirkmuirhi.SG.ir.P) is over.
Total observations: 310.
Data input for station 147 (LangholmA.SG.ir.P) is over.
Total observations: 311.
Data input for station 148 (Lawersbrid.SG.ir.P) is over.
Total observations: 311.
Data input for station 149 (LennoxCast.SG.ir.P) is over.
Total observations: 310.
Data input for station 150 (Letham.SG.ir.P) is over.
Total observations: 310.
Data input for station 151 (Linnbrane.SG.ir.P) is over.
Total observations: 310.
Data input for station 152 (Luss.SG.ir.P) is over.
Total observations: 340.
Data input for station 153 (Maidencots.SG.ir.P) is over.
Total observations: 310.
Data input for station 154 (Mainholm.SG.ir.P) is over.
Total observations: 321.
Data input for station 155 (MillikenPa.SG.ir.P) is over.
Total observations: 310.
Data input for station 156 (Milngavie.SG.ir.P) is over.
Total observations: 311.
Data input for station 157 (MiltonofCa.SG.ir.P) is over.
Total observations: 326.
Data input for station 158 (MonyquilFa.SG.ir.P) is over.
Total observations: 310.
Data input for station 159 (Newmilns.SG.ir.P) is over.
Total observations: 310.
Data input for station 160 (ObanTidal.SG.ir.P) is over.
Total observations: 346.
Data input for station 161 (Oxgang.SG.ir.P) is over.
Total observations: 310.
Data input for station 162 (Redlees.SG.ir.P) is over.
Total observations: 346.
Data input for station 163 (RenfrewTid.SG.ir.P) is over.
Total observations: 311.
Data input for station 164 (Robstone.SG.ir.P) is over.
Total observations: 310.
Data input for station 165 (RossPriory.SG.ir.P) is over.
Total observations: 310.
Data input for station 166 (Shewalton.SG.ir.P) is over.
Total observations: 321.
Data input for station 167 (SpiersBrid.SG.ir.P) is over.
Total observations: 311.
Data input for station 168 (TarbertTid.SG.ir.P) is over.
Total observations: 307.
Data input for station 169 (TullifordM.SG.ir.P) is over.
Total observations: 311.
Data input for station 170 (VictoriaBr.SG.ir.P) is over.
Total observations: 311.
Data input for station 171 (Waterfoot.SG.ir.P) is over.
Total observations: 214.
Data input for station 172 (Waterside.SG.ir.P) is over.
Total observations: 346.
Data input for station 173 (Almondell.SG.ir.P) is over.
Total observations: 334.
Data input for station 174 (Anie.SG.ir.P) is over.
Total observations: 312.
Data input for station 175 (Athelstane.SG.ir.P) is over.
Total observations: 312.
Data input for station 176 (BalfourMai.SG.ir.P) is over.
Total observations: 312.
Data input for station 177 (Bannockbur.SG.ir.P) is over.
Total observations: 312.
Data input for station 178 (Bonnybrid1.SG.ir.P) is over.
Total observations: 312.
Data input for station 179 (BridgeofAl.SG.ir.P) is over.
Total observations: 312.
Data input for station 180 (BridgeofTe.SG.ir.P) is over.
Total observations: 313.
Data input for station 181 (Broxmouth.SG.ir.P) is over.
Total observations: 262.
Data input for station 182 (Callander.SG.ir.P) is over.
Total observations: 313.
Data input for station 183 (Castlehil1.SG.ir.P) is over.
Total observations: 313.
Data input for station 184 (Colinton.SG.ir.P) is over.
Total observations: 334.
Data input for station 185 (Cowbridge.SG.ir.P) is over.
Total observations: 312.
Data input for station 186 (Craigforth.SG.ir.P) is over.
Total observations: 312.
Data input for station 187 (Craigiehal.SG.ir.P) is over.
Total observations: 335.
Data input for station 188 (Dalmore.SG.ir.P) is over.
Total observations: 334.
Data input for station 189 (DamleysCot.SG.ir.P) is over.
Total observations: 312.
Data input for station 190 (EastLinto1.SG.ir.P) is over.
Total observations: 334.
Data input for station 191 (Glenochil.SG.ir.P) is over.
Total observations: 312.
Data input for station 192 (Headswood.SG.ir.P) is over.
Total observations: 312.
Data input for station 193 (Kinbuck.SG.ir.P) is over.
Total observations: 312.
Data input for station 194 (Lathro.SG.ir.P) is over.
Total observations: 334.
Data input for station 195 (Lennoxlove.SG.ir.P) is over.
Total observations: 334.
Data input for station 196 (Liberton.SG.ir.P) is over.
Total observations: 334.
Data input for station 197 (LochKatrin.SG.ir.P) is over.
Total observations: 312.
Data input for station 198 (LochVenach.SG.ir.P) is over.
Total observations: 312.
Data input for station 199 (Luffness.SG.ir.P) is over.
Total observations: 334.
Data input for station 200 (Milton.SG.ir.P) is over.
Total observations: 313.
Data input for station 201 (Murrayfiel.SG.ir.P) is over.
Total observations: 334.
Data input for station 202 (Musselbur1.SG.ir.P) is over.
Total observations: 334.
Data input for station 203 (Musselbur2.SG.ir.P) is over.
Total observations: 313.
Data input for station 204 (Spilmersfo.SG.ir.P) is over.
Total observations: 334.
Data input for station 205 (Turnhouse.SG.ir.P) is over.
Total observations: 334.
Data input for station 206 (Whitburn.SG.ir.P) is over.
Total observations: 333.
Data input for station 207 (Aberlour.SG.ir.P) is over.
Total observations: 309.
Data input for station 208 (ArdachyBri.SG.ir.P) is over.
Total observations: 312.
Data input for station 209 (Avochie.SG.ir.P) is over.
Total observations: 312.
Data input for station 210 (Balnaan.SG.ir.P) is over.
Total observations: 312.
Data input for station 211 (Balnafoich.SG.ir.P) is over.
Total observations: 312.
Data input for station 212 (BoatoBrig.SG.ir.P) is over.
Total observations: 312.
Data input for station 213 (BoatofGart.SG.ir.P) is over.
Total observations: 312.
Data input for station 214 (Brodie.SG.ir.P) is over.
Total observations: 277.
Data input for station 215 (Buckie.SG.ir.P) is over.
Total observations: 340.
Data input for station 216 (Cabrach.SG.ir.P) is over.
Total observations: 312.
Data input for station 217 (Clachnahar.SG.ir.P) is over.
Total observations: 312.
Data input for station 218 (Delnashaug.SG.ir.P) is over.
Total observations: 312.
Data input for station 219 (Dunphail.SG.ir.P) is over.
Total observations: 312.
Data input for station 220 (FeshieBrid.SG.ir.P) is over.
Total observations: 312.
Data input for station 221 (Firhall.SG.ir.P) is over.
Total observations: 312.
Data input for station 222 (Forres.SG.ir.P) is over.
Total observations: 312.
Data input for station 223 (FortAugust.SG.ir.P) is over.
Total observations: 312.
Data input for station 224 (Grange.SG.ir.P) is over.
Total observations: 312.
Data input for station 225 (Grantown.SG.ir.P) is over.
Total observations: 312.
Data input for station 226 (HuntlyGS.SG.ir.P) is over.
Total observations: 312.
Data input for station 227 (Invertruim.SG.ir.P) is over.
Total observations: 312.
Data input for station 228 (IvyBridge.SG.ir.P) is over.
Total observations: 312.
Data input for station 229 (Kincraig.SG.ir.P) is over.
Total observations: 312.
Data input for station 230 (Kinrara.SG.ir.P) is over.
Total observations: 312.
Data input for station 231 (Levishie.SG.ir.P) is over.
Total observations: 312.
Data input for station 232 (Lochindorb.SG.ir.P) is over.
Total observations: 312.
Data input for station 233 (MillofTore.SG.ir.P) is over.
Total observations: 312.
Data input for station 234 (Minmore.SG.ir.P) is over.
Total observations: 312.
Data input for station 235 (Monaughty.SG.ir.P) is over.
Total observations: 313.
Data input for station 236 (Muiresk.SG.ir.P) is over.
Total observations: 312.
Data input for station 237 (Ness-side.SG.ir.P) is over.
Total observations: 312.
Data input for station 238 (Pluscarden.SG.ir.P) is over.
Total observations: 346.
Data input for station 239 (Redcraig.SG.ir.P) is over.
Total observations: 312.
Data input for station 240 (Shenachie.SG.ir.P) is over.
Total observations: 312.
Data input for station 241 (Sheriffmil.SG.ir.P) is over.
Total observations: 312.
Data input for station 242 (Sluggan.SG.ir.P) is over.
Total observations: 312.
Data input for station 243 (SpeyDam.SG.ir.P) is over.
Total observations: 312.
Data input for station 244 (Torwinny.SG.ir.P) is over.
Total observations: 312.
Data input for station 245 (TromieBrid.SG.ir.P) is over.
Total observations: 312.
Data input for station 246 (WardendBri.SG.ir.P) is over.
Total observations: 312.
Data input for station 247 (WhiteBr.SG.ir.P) is over.
Total observations: 312.
Data input for station 248 (AbbeyStBat.SG.ir.P) is over.
Total observations: 320.
Data input for station 249 (Ancrum.SG.ir.P) is over.
Total observations: 312.
Data input for station 250 (BiggarBurn.SG.ir.P) is over.
Total observations: 312.
Data input for station 251 (Boleside.SG.ir.P) is over.
Total observations: 336.
Data input for station 252 (Brockhoper.SG.ir.P) is over.
Total observations: 336.
Data input for station 253 (Cademuir.SG.ir.P) is over.
Total observations: 313.
Data input for station 254 (Chesters.SG.ir.P) is over.
Total observations: 310.
Data input for station 255 (Coldstrea1.SG.ir.P) is over.
Total observations: 312.
Data input for station 256 (CraigDougl.SG.ir.P) is over.
Total observations: 313.
Data input for station 257 (Deephope.SG.ir.P) is over.
Total observations: 311.
Data input for station 258 (Earlston.SG.ir.P) is over.
Total observations: 337.
Data input for station 259 (EyemouthMi.SG.ir.P) is over.
Total observations: 322.
Data input for station 260 (Fountainha.SG.ir.P) is over.
Total observations: 310.
Data input for station 261 (Galashiels.SG.ir.P) is over.
Total observations: 312.
Data input for station 262 (Glenbreck.SG.ir.P) is over.
Total observations: 312.
Data input for station 263 (GordonArms.SG.ir.P) is over.
Total observations: 310.
Data input for station 264 (Grantshous.SG.ir.P) is over.
Total observations: 312.
Data input for station 265 (Hawick.SG.ir.P) is over.
Total observations: 337.
Data input for station 266 (HuttonCast.SG.ir.P) is over.
Total observations: 337.
Data input for station 267 (Innerleith.SG.ir.P) is over.
Total observations: 312.
Data input for station 268 (Jedburgh.SG.ir.P) is over.
Total observations: 311.
Data input for station 269 (Kingledore.SG.ir.P) is over.
Total observations: 336.
Data input for station 270 (Ladyflat.SG.ir.P) is over.
Total observations: 313.
Data input for station 271 (Lauder(New.SG.ir.P) is over.
Total observations: 312.
Data input for station 272 (Lindean.SG.ir.P) is over.
Total observations: 337.
Data input for station 273 (LyneStatio.SG.ir.P) is over.
Total observations: 311.
Data input for station 274 (MarchStree.SG.ir.P) is over.
Total observations: 312.
Data input for station 275 (Mouthbridg.SG.ir.P) is over.
Total observations: 321.
Data input for station 276 (Norham.SG.ir.P) is over.
Total observations: 336.
Data input for station 277 (OrmistonMi.SG.ir.P) is over.
Total observations: 336.
Data input for station 278 (Peebles.SG.ir.P) is over.
Total observations: 336.
Data input for station 279 (Philiphaug.SG.ir.P) is over.
Total observations: 312.
Data input for station 280 (Shiplaw.SG.ir.P) is over.
Total observations: 311.
Data input for station 281 (Sprouston.SG.ir.P) is over.
Total observations: 337.
Data input for station 282 (Stobs.SG.ir.P) is over.
Total observations: 311.
Data input for station 283 (Teviothead.SG.ir.P) is over.
Total observations: 336.
Data input for station 284 (Aberuchill.SG.ir.P) is over.
Total observations: 310.
Data input for station 285 (Aberuthven.SG.ir.P) is over.
Total observations: 309.
Data input for station 286 (Almondbank.SG.ir.P) is over.
Total observations: 310.
Data input for station 287 (Arbroath.SG.ir.P) is over.
Total observations: 310.
Data input for station 288 (ArbroathTi.SG.ir.P) is over.
Total observations: 314.
Data input for station 289 (Auchinner.SG.ir.P) is over.
Total observations: 310.
Data input for station 290 (Balbrogie.SG.ir.P) is over.
Total observations: 310.
Data input for station 291 (Ballathie.SG.ir.P) is over.
Total observations: 309.
Data input for station 292 (Balmossie.SG.ir.P) is over.
Total observations: 309.
Data input for station 293 (Brechin.SG.ir.P) is over.
Total observations: 309.
Data input for station 294 (BridgeofEa.SG.ir.P) is over.
Total observations: 34.
Data input for station 295 (Camusvrach.SG.ir.P) is over.
Total observations: 310.
Data input for station 296 (Colliston.SG.ir.P) is over.
Total observations: 310.
Data input for station 297 (ComrieBrid.SG.ir.P) is over.
Total observations: 309.
Data input for station 298 (Craighall2.SG.ir.P) is over.
Total observations: 308.
Data input for station 299 (Cultybragg.SG.ir.P) is over.
Total observations: 310.
Data input for station 300 (Dalginross.SG.ir.P) is over.
Total observations: 310.
Data input for station 301 (DeanBridge.SG.ir.P) is over.
Total observations: 309.
Data input for station 302 (ForteviotB.SG.ir.P) is over.
Total observations: 309.
Data input for station 303 (GellaBridg.SG.ir.P) is over.
Total observations: 310.
Data input for station 304 (Hermitage.SG.ir.P) is over.
Total observations: 310.
Data input for station 305 (Kemback.SG.ir.P) is over.
Total observations: 346.
Data input for station 306 (Kenmore.SG.ir.P) is over.
Total observations: 310.
Data input for station 307 (Killiecran.SG.ir.P) is over.
Total observations: 337.
Data input for station 308 (Killin.SG.ir.P) is over.
Total observations: 310.
Data input for station 309 (Kindrogan.SG.ir.P) is over.
Total observations: 310.
Data input for station 310 (KinkellBri.SG.ir.P) is over.
Total observations: 310.
Data input for station 311 (KirktonMil.SG.ir.P) is over.
Total observations: 309.
Data input for station 312 (Luncarty.SG.ir.P) is over.
Total observations: 310.
Data input for station 313 (MarbleLodg.SG.ir.P) is over.
Total observations: 336.
Data input for station 314 (MillBank.SG.ir.P) is over.
Total observations: 346.
Data input for station 315 (Moar.SG.ir.P) is over.
Total observations: 309.
Data input for station 316 (NewtonBrid.SG.ir.P) is over.
Total observations: 310.
Data input for station 317 (Perth.SG.ir.P) is over.
Total observations: 310.
Data input for station 318 (Pitlochry.SG.ir.P) is over.
Total observations: 309.
Data input for station 319 (Pitnacree.SG.ir.P) is over.
Total observations: 309.
Data input for station 320 (ProsenBrid.SG.ir.P) is over.
Total observations: 309.
Data input for station 321 (StMichaels.SG.ir.P) is over.
Total observations: 310.
Data input for station 322 (Strathmigl.SG.ir.P) is over.
Total observations: 310.
Data input for station 323 (Tannadice.SG.ir.P) is over.
Total observations: 346.
Data input for station 324 (WesterCard.SG.ir.P) is over.
Total observations: 309.
Data input for station 325 (Overlee.SG.ir.P) is over.
Total observations: 310.
Data in put from file data\Data.ZRXPSEND.964521362407503 is completed.
In total, observations from 325 stations were read.
Reading data for set 2 took 1.75475 minutes of CPU time.
File data\Data.ZRXPSEND.978561362733168 opened correctly.
Data input for station 1 (Alford.SG.ir.O) is over.
Total observations: 320.
Data input for station 2 (Culfork.SG.ir.O) is over.
Total observations: 309.
Data input for station 3 (DalhousieB.SG.ir.O) is over.
Total observations: 308.
Data input for station 4 (Ellon.SG.ir.O) is over.
Total observations: 308.
Data input for station 5 (Garthdee.SG.ir.O) is over.
Total observations: 309.
Data input for station 6 (Haughton.SG.ir.O) is over.
Total observations: 309.
Data input for station 7 (HeughHead.SG.ir.O) is over.
Total observations: 308.
Data input for station 8 (Inverbervi.SG.ir.O) is over.
Total observations: 308.
Data input for station 9 (Invergairn.SG.ir.O) is over.
Total observations: 308.
Data input for station 10 (Inveriscan.SG.ir.O) is over.
Total observations: 308.
Data input for station 11 (Invermark.SG.ir.O) is over.
Total observations: 308.
Data input for station 12 (Invermuick.SG.ir.O) is over.
Total observations: 308.
Data input for station 13 (Inverugie.SG.ir.O) is over.
Total observations: 308.
Data input for station 14 (Inverurie.SG.ir.O) is over.
Total observations: 307.
Data input for station 15 (Kirktownof.SG.ir.O) is over.
Total observations: 310.
Data input for station 16 (LogieMill.SG.ir.O) is over.
Total observations: 308.
Data input for station 17 (LutherBrid.SG.ir.O) is over.
Total observations: 309.
Data input for station 18 (MarLodge.SG.ir.O) is over.
Total observations: 308.
Data input for station 19 (MeikleKino.SG.ir.O) is over.
Total observations: 309.
Data input for station 20 (MillofKeit.SG.ir.O) is over.
Total observations: 309.
Data input for station 21 (OldRayne.SG.ir.O) is over.
Total observations: 309.
Data input for station 22 (Park.SG.ir.O) is over.
Total observations: 321.
Data input for station 23 (Parkhill.SG.ir.O) is over.
Total observations: 321.
Data input for station 24 (Pitcaple.SG.ir.O) is over.
Total observations: 308.
Data input for station 25 (Polhollick.SG.ir.O) is over.
Total observations: 321.
Data input for station 26 (WeisdaleMi.SG.ir.O) is over.
Total observations: 308.
Data input for station 27 (Woodend.SG.ir.O) is over.
Total observations: 308.
Data input for station 28 (Allnabad.SG.ir.O) is over.
Total observations: 311.
Data input for station 29 (Alness.SG.ir.O) is over.
Total observations: 311.
Data input for station 30 (Apigill.SG.ir.O) is over.
Total observations: 311.
Data input for station 31 (ArcanSpill.SG.ir.O) is over.
Total observations: 311.
Data input for station 32 (Ariundle.SG.ir.O) is over.
Total observations: 311.
Data input for station 33 (BorgieBrid.SG.ir.O) is over.
Total observations: 293.
Data input for station 34 (BridgeofOi.SG.ir.O) is over.
Total observations: 311.
Data input for station 35 (Bruachrobi.SG.ir.O) is over.
Total observations: 311.
Data input for station 36 (Camisky.SG.ir.O) is over.
Total observations: 310.
Data input for station 37 (Claggan.SG.ir.O) is over.
Total observations: 310.
Data input for station 38 (CononBridg.SG.ir.O) is over.
Total observations: 311.
Data input for station 39 (Corpach.SG.ir.O) is over.
Total observations: 311.
Data input for station 40 (Craigard.SG.ir.O) is over.
Total observations: 311.
Data input for station 41 (Craigendar.SG.ir.O) is over.
Total observations: 311.
Data input for station 42 (CreedBridg.SG.ir.O) is over.
Total observations: 310.
Data input for station 43 (Dosmuchera.SG.ir.O) is over.
Total observations: 320.
Data input for station 44 (Durkadale.SG.ir.O) is over.
Total observations: 310.
Data input for station 45 (EasterTurn.SG.ir.O) is over.
Total observations: 311.
Data input for station 46 (Elphin.SG.ir.O) is over.
Total observations: 312.
Data input for station 47 (Erchless.SG.ir.O) is over.
Total observations: 310.
Data input for station 48 (FaichBhior.SG.ir.O) is over.
Total observations: 321.
Data input for station 49 (Fasnakyle.SG.ir.O) is over.
Total observations: 311.
Data input for station 50 (Garve.SG.ir.O) is over.
Total observations: 321.
Data input for station 51 (Glenmeanie.SG.ir.O) is over.
Total observations: 321.
Data input for station 52 (Halkirk.SG.ir.O) is over.
Total observations: 311.
Data input for station 53 (Halladale.SG.ir.O) is over.
Total observations: 311.
Data input for station 54 (Inveran.SG.ir.O) is over.
Total observations: 23.
Data input for station 55 (Inverbroom.SG.ir.O) is over.
Total observations: 312.
Data input for station 56 (InverOykel.SG.ir.O) is over.
Total observations: 275.
Data input for station 57 (KerrowWood.SG.ir.O) is over.
Total observations: 311.
Data input for station 58 (Killilan.SG.ir.O) is over.
Total observations: 310.
Data input for station 59 (Kilphedir.SG.ir.O) is over.
Total observations: 311.
Data input for station 60 (Kinlochewe.SG.ir.O) is over.
Total observations: 311.
Data input for station 61 (LangwellLo.SG.ir.O) is over.
Total observations: 312.
Data input for station 62 (Laxdale.SG.ir.O) is over.
Total observations: 311.
Data input for station 63 (LaxfordBri.SG.ir.O) is over.
Total observations: 311.
Data input for station 64 (LittleAssy.SG.ir.O) is over.
Total observations: 310.
Data input for station 65 (LochABhrao.SG.ir.O) is over.
Total observations: 311.
Data input for station 66 (LochAilshL.SG.ir.O) is over.
Total observations: 311.
Data input for station 67 (LochNaver.SG.ir.O) is over.
Total observations: 119.
Data input for station 68 (LochTormsa.SG.ir.O) is over.
Total observations: 311.
Data input for station 69 (MillCroft.SG.ir.O) is over.
Total observations: 311.
Data input for station 70 (MoyBridge.SG.ir.O) is over.
Total observations: 311.
Data input for station 71 (NewKelso.SG.ir.O) is over.
Total observations: 310.
Data input for station 72 (Polloch.SG.ir.O) is over.
Total observations: 311.
Data input for station 73 (Poolewe.SG.ir.O) is over.
Total observations: 311.
Data input for station 74 (RedBridge.SG.ir.O) is over.
Total observations: 312.
Data input for station 75 (Rosehall.SG.ir.O) is over.
Total observations: 312.
Data input for station 76 (Sgodachail.SG.ir.O) is over.
Total observations: 311.
Data input for station 77 (Shielfoot.SG.ir.O) is over.
Total observations: 311.
Data input for station 78 (Skeabost.SG.ir.O) is over.
Total observations: 311.
Data input for station 79 (Strathpeff.SG.ir.O) is over.
Total observations: 311.
Data input for station 80 (StrathyBri.SG.ir.O) is over.
Total observations: 311.
Data input for station 81 (Struy.SG.ir.O) is over.
Total observations: 312.
Data input for station 82 (Tarroul.SG.ir.O) is over.
Total observations: 311.
Data input for station 83 (Airyhemmin.SG.ir.O) is over.
Total observations: 309.
Data input for station 84 (Barsolus.SG.ir.O) is over.
Total observations: 281.
Data input for station 85 (Braidlie.SG.ir.O) is over.
Total observations: 308.
Data input for station 86 (Bridgemuir.SG.ir.O) is over.
Total observations: 309.
Data input for station 87 (Brydekirk.SG.ir.O) is over.
Total observations: 309.
Data input for station 88 (Canonbie.SG.ir.O) is over.
Total observations: 308.
Data input for station 89 (Capenoch.SG.ir.O) is over.
Total observations: 308.
Data input for station 90 (Dalbeatti1.SG.ir.O) is over.
Total observations: 321.
Data input for station 91 (Dalgig.SG.ir.O) is over.
Total observations: 324.
Data input for station 92 (Drumlanrig.SG.ir.O) is over.
Total observations: 308.
Data input for station 93 (FiddlersFo.SG.ir.O) is over.
Total observations: 321.
Data input for station 94 (FriarsCars.SG.ir.O) is over.
Total observations: 321.
Data input for station 95 (Glenlochar.SG.ir.O) is over.
Total observations: 309.
Data input for station 96 (Greensands.SG.ir.O) is over.
Total observations: 308.
Data input for station 97 (HallBridge.SG.ir.O) is over.
Total observations: 309.
Data input for station 98 (LowMalzie.SG.ir.O) is over.
Total observations: 309.
Data input for station 99 (MinnochBri.SG.ir.O) is over.
Total observations: 309.
Data input for station 100 (Mossknowe.SG.ir.O) is over.
Total observations: 309.
Data input for station 101 (Newcastlet.SG.ir.O) is over.
Total observations: 309.
Data input for station 102 (NewtonSte1.SG.ir.O) is over.
Total observations: 309.
Data input for station 103 (Nungate.SG.ir.P) is over.
Total observations: 313.
Data input for station 104 (PlumpeBrid.SG.ir.O) is over.
Total observations: 256.
Data input for station 105 (Redhall.SG.ir.O) is over.
Total observations: 309.
Data input for station 106 (Rowanburnf.SG.ir.O) is over.
Total observations: 324.
Data input for station 107 (Rusko.SG.ir.O) is over.
Total observations: 287.
Data input for station 108 (Whitesands.SG.ir.O) is over.
Total observations: 309.
Data input for station 109 (Woodfoot.SG.ir.P) is over.
Total observations: 309.
Data input for station 110 (Abington.SG.ir.P) is over.
Total observations: 310.
Data input for station 111 (Auchendran.SG.ir.P) is over.
Total observations: 324.
Data input for station 112 (Auchengeic.SG.ir.P) is over.
Total observations: 38.
Data input for station 113 (Avonbank.SG.ir.P) is over.
Total observations: 324.
Data input for station 114 (Balnowlart.SG.ir.P) is over.
Total observations: 310.
Data input for station 115 (BarnalineL.SG.ir.P) is over.
Total observations: 310.
Data input for station 116 (Blairston.SG.ir.P) is over.
Total observations: 38.
Data input for station 117 (Braevallic.SG.ir.P) is over.
Total observations: 310.
Data input for station 118 (Bridgend.SG.ir.P) is over.
Total observations: 311.
Data input for station 119 (Calderpark.SG.ir.P) is over.
Total observations: 324.
Data input for station 120 (Candermill.SG.ir.P) is over.
Total observations: 310.
Data input for station 121 (Catrine.SG.ir.P) is over.
Total observations: 310.
Data input for station 122 (Condorrat.SG.ir.P) is over.
Total observations: 321.
Data input for station 123 (Craigend.SG.ir.P) is over.
Total observations: 310.
Data input for station 124 (Daldowie.SG.ir.P) is over.
Total observations: 310.
Data input for station 125 (Dippen.SG.ir.P) is over.
Total observations: 310.
Data input for station 126 (Dreghorn.SG.ir.P) is over.
Total observations: 324.
Data input for station 127 (Dryfield.SG.ir.P) is over.
Total observations: 310.
Data input for station 128 (EasDaimh.SG.ir.P) is over.
Total observations: 41.
Data input for station 129 (EglintonCa.SG.ir.P) is over.
Total observations: 309.
Data input for station 130 (Fairholm.SG.ir.P) is over.
Total observations: 310.
Data input for station 131 (Gaidrew.SG.ir.P) is over.
Total observations: 319.
Data input for station 132 (GirvanTide.SG.ir.P) is over.
Total observations: 310.
Data input for station 133 (GlenOrchy.SG.ir.P) is over.
Total observations: 320.
Data input for station 134 (GlenStrae.SG.ir.P) is over.
Total observations: 310.
Data input for station 135 (Glenfalloc.SG.ir.P) is over.
Total observations: 310.
Data input for station 136 (GlenfieldF.SG.ir.P) is over.
Total observations: 310.
Data input for station 137 (Happendon.SG.ir.P) is over.
Total observations: 310.
Data input for station 138 (Hawkhead.SG.ir.P) is over.
Total observations: 324.
Data input for station 139 (Hazelbank.SG.ir.P) is over.
Total observations: 310.
Data input for station 140 (HoodstonBr.SG.ir.P) is over.
Total observations: 310.
Data input for station 141 (Howard Park.SG.ir.P) is over.
Total observations: 309.
Data input for station 142 (Inverlochy.SG.ir.P) is over.
Total observations: 310.
Data input for station 143 (IrvineWate.SG.ir.P) is over.
Total observations: 324.
Data input for station 144 (Killermon1.SG.ir.P) is over.
Total observations: 321.
Data input for station 145 (Kilwinning.SG.ir.P) is over.
Total observations: 321.
Data input for station 146 (Kirkfieldb.SG.ir.P) is over.
Total observations: 310.
Data input for station 147 (Kirkmuirhi.SG.ir.P) is over.
Total observations: 310.
Data input for station 148 (LangholmA.SG.ir.P) is over.
Total observations: 310.
Data input for station 149 (Lawersbrid.SG.ir.P) is over.
Total observations: 311.
Data input for station 150 (LennoxCast.SG.ir.P) is over.
Total observations: 320.
Data input for station 151 (Letham.SG.ir.P) is over.
Total observations: 311.
Data input for station 152 (Linnbrane.SG.ir.P) is over.
Total observations: 310.
Data input for station 153 (Luss.SG.ir.P) is over.
Total observations: 316.
Data input for station 154 (Maidencots.SG.ir.P) is over.
Total observations: 310.
Data input for station 155 (Mainholm.SG.ir.P) is over.
Total observations: 321.
Data input for station 156 (MillikenPa.SG.ir.P) is over.
Total observations: 310.
Data input for station 157 (Milngavie.SG.ir.P) is over.
Total observations: 321.
Data input for station 158 (MiltonofCa.SG.ir.P) is over.
Total observations: 38.
Data input for station 159 (MonyquilFa.SG.ir.P) is over.
Total observations: 311.
Data input for station 160 (Newmilns.SG.ir.P) is over.
Total observations: 310.
Data input for station 161 (ObanTidal.SG.ir.P) is over.
Total observations: 323.
Data input for station 162 (Oxgang.SG.ir.P) is over.
Total observations: 320.
Data input for station 163 (Redlees.SG.ir.P) is over.
Total observations: 324.
Data input for station 164 (RenfrewTid.SG.ir.P) is over.
Total observations: 311.
Data input for station 165 (Robstone.SG.ir.P) is over.
Total observations: 310.
Data input for station 166 (RossPriory.SG.ir.P) is over.
Total observations: 310.
Data input for station 167 (Shewalton.SG.ir.P) is over.
Total observations: 321.
Data input for station 168 (SpiersBrid.SG.ir.P) is over.
Total observations: 310.
Data input for station 169 (TarbertTid.SG.ir.P) is over.
Total observations: 306.
Data input for station 170 (TullifordM.SG.ir.P) is over.
Total observations: 311.
Data input for station 171 (VictoriaBr.SG.ir.P) is over.
Total observations: 311.
Data input for station 172 (Waterfoot.SG.ir.P) is over.
Total observations: 310.
Data input for station 173 (Waterside.SG.ir.P) is over.
Total observations: 324.
Data input for station 174 (Almondell.SG.ir.P) is over.
Total observations: 312.
Data input for station 175 (Anie.SG.ir.P) is over.
Total observations: 312.
Data input for station 176 (Athelstane.SG.ir.P) is over.
Total observations: 312.
Data input for station 177 (BalfourMai.SG.ir.P) is over.
Total observations: 312.
Data input for station 178 (Bannockbur.SG.ir.P) is over.
Total observations: 312.
Data input for station 179 (Bonnybrid1.SG.ir.P) is over.
Total observations: 312.
Data input for station 180 (BridgeofAl.SG.ir.P) is over.
Total observations: 312.
Data input for station 181 (BridgeofTe.SG.ir.P) is over.
Total observations: 313.
Data input for station 182 (Broxmouth.SG.ir.P) is over.
Total observations: 121.
Data input for station 183 (Callander.SG.ir.P) is over.
Total observations: 313.
Data input for station 184 (Castlehil1.SG.ir.P) is over.
Total observations: 313.
Data input for station 185 (Colinton.SG.ir.P) is over.
Total observations: 312.
Data input for station 186 (Cowbridge.SG.ir.P) is over.
Total observations: 312.
Data input for station 187 (Craigforth.SG.ir.P) is over.
Total observations: 312.
Data input for station 188 (Craigiehal.SG.ir.P) is over.
Total observations: 313.
Data input for station 189 (Dalmore.SG.ir.P) is over.
Total observations: 312.
Data input for station 190 (DamleysCot.SG.ir.P) is over.
Total observations: 216.
Data input for station 191 (EastLinto1.SG.ir.P) is over.
Total observations: 312.
Data input for station 192 (Glenochil.SG.ir.P) is over.
Total observations: 312.
Data input for station 193 (Headswood.SG.ir.P) is over.
Total observations: 312.
Data input for station 194 (Kinbuck.SG.ir.P) is over.
Total observations: 312.
Data input for station 195 (Lathro.SG.ir.P) is over.
Total observations: 312.
Data input for station 196 (Lennoxlove.SG.ir.P) is over.
Total observations: 312.
Data input for station 197 (Liberton.SG.ir.P) is over.
Total observations: 321.
Data input for station 198 (LochKatrin.SG.ir.P) is over.
Total observations: 312.
Data input for station 199 (LochVenach.SG.ir.P) is over.
Total observations: 312.
Data input for station 200 (Luffness.SG.ir.P) is over.
Total observations: 312.
Data input for station 201 (Milton.SG.ir.P) is over.
Total observations: 313.
Data input for station 202 (Murrayfiel.SG.ir.P) is over.
Total observations: 312.
Data input for station 203 (Musselbur1.SG.ir.P) is over.
Total observations: 312.
Data input for station 204 (Musselbur2.SG.ir.P) is over.
Total observations: 313.
Data input for station 205 (Spilmersfo.SG.ir.P) is over.
Total observations: 313.
Data input for station 206 (Turnhouse.SG.ir.P) is over.
Total observations: 313.
Data input for station 207 (Whitburn.SG.ir.P) is over.
Total observations: 312.
Data input for station 208 (Aberlour.SG.ir.P) is over.
Total observations: 309.
Data input for station 209 (ArdachyBri.SG.ir.P) is over.
Total observations: 312.
Data input for station 210 (Avochie.SG.ir.P) is over.
Total observations: 312.
Data input for station 211 (Balnaan.SG.ir.P) is over.
Total observations: 312.
Data input for station 212 (Balnafoich.SG.ir.P) is over.
Total observations: 312.
Data input for station 213 (BoatoBrig.SG.ir.P) is over.
Total observations: 312.
Data input for station 214 (BoatofGart.SG.ir.P) is over.
Total observations: 312.
Data input for station 215 (Brodie.SG.ir.P) is over.
Total observations: 267.
Data input for station 216 (Buckie.SG.ir.P) is over.
Total observations: 324.
Data input for station 217 (Cabrach.SG.ir.P) is over.
Total observations: 312.
Data input for station 218 (Clachnahar.SG.ir.P) is over.
Total observations: 312.
Data input for station 219 (Delnashaug.SG.ir.P) is over.
Total observations: 312.
Data input for station 220 (Dunphail.SG.ir.P) is over.
Total observations: 312.
Data input for station 221 (FeshieBrid.SG.ir.P) is over.
Total observations: 312.
Data input for station 222 (Firhall.SG.ir.P) is over.
Total observations: 312.
Data input for station 223 (Forres.SG.ir.P) is over.
Total observations: 312.
Data input for station 224 (FortAugust.SG.ir.P) is over.
Total observations: 312.
Data input for station 225 (Grange.SG.ir.P) is over.
Total observations: 312.
Data input for station 226 (Grantown.SG.ir.P) is over.
Total observations: 312.
Data input for station 227 (HuntlyGS.SG.ir.P) is over.
Total observations: 312.
Data input for station 228 (Invertruim.SG.ir.P) is over.
Total observations: 312.
Data input for station 229 (IvyBridge.SG.ir.P) is over.
Total observations: 312.
Data input for station 230 (Kincraig.SG.ir.P) is over.
Total observations: 312.
Data input for station 231 (Kinrara.SG.ir.P) is over.
Total observations: 312.
Data input for station 232 (Levishie.SG.ir.P) is over.
Total observations: 312.
Data input for station 233 (Lochindorb.SG.ir.P) is over.
Total observations: 312.
Data input for station 234 (MillofTore.SG.ir.P) is over.
Total observations: 312.
Data input for station 235 (Minmore.SG.ir.P) is over.
Total observations: 312.
Data input for station 236 (Monaughty.SG.ir.P) is over.
Total observations: 313.
Data input for station 237 (Muiresk.SG.ir.P) is over.
Total observations: 312.
Data input for station 238 (Ness-side.SG.ir.P) is over.
Total observations: 312.
Data input for station 239 (Pluscarden.SG.ir.P) is over.
Total observations: 324.
Data input for station 240 (Redcraig.SG.ir.P) is over.
Total observations: 312.
Data input for station 241 (Shenachie.SG.ir.P) is over.
Total observations: 312.
Data input for station 242 (Sheriffmil.SG.ir.P) is over.
Total observations: 312.
Data input for station 243 (Sluggan.SG.ir.P) is over.
Total observations: 312.
Data input for station 244 (SpeyDam.SG.ir.P) is over.
Total observations: 312.
Data input for station 245 (Torwinny.SG.ir.P) is over.
Total observations: 312.
Data input for station 246 (TromieBrid.SG.ir.P) is over.
Total observations: 312.
Data input for station 247 (WardendBri.SG.ir.P) is over.
Total observations: 312.
Data input for station 248 (WhiteBr.SG.ir.P) is over.
Total observations: 312.
Data input for station 249 (AbbeyStBat.SG.ir.P) is over.
Total observations: 320.
Data input for station 250 (Ancrum.SG.ir.P) is over.
Total observations: 312.
Data input for station 251 (BiggarBurn.SG.ir.P) is over.
Total observations: 312.
Data input for station 252 (Boleside.SG.ir.P) is over.
Total observations: 311.
Data input for station 253 (Brockhoper.SG.ir.P) is over.
Total observations: 310.
Data input for station 254 (Cademuir.SG.ir.P) is over.
Total observations: 311.
Data input for station 255 (Chesters.SG.ir.P) is over.
Total observations: 310.
Data input for station 256 (Coldstrea1.SG.ir.P) is over.
Total observations: 312.
Data input for station 257 (CraigDougl.SG.ir.P) is over.
Total observations: 313.
Data input for station 258 (Deephope.SG.ir.P) is over.
Total observations: 311.
Data input for station 259 (Earlston.SG.ir.P) is over.
Total observations: 312.
Data input for station 260 (EyemouthMi.SG.ir.P) is over.
Total observations: 322.
Data input for station 261 (Fountainha.SG.ir.P) is over.
Total observations: 310.
Data input for station 262 (Galashiels.SG.ir.P) is over.
Total observations: 312.
Data input for station 263 (Glenbreck.SG.ir.P) is over.
Total observations: 312.
Data input for station 264 (GordonArms.SG.ir.P) is over.
Total observations: 310.
Data input for station 265 (Grantshous.SG.ir.P) is over.
Total observations: 312.
Data input for station 266 (Hawick.SG.ir.P) is over.
Total observations: 312.
Data input for station 267 (HuttonCast.SG.ir.P) is over.
Total observations: 312.
Data input for station 268 (Innerleith.SG.ir.P) is over.
Total observations: 312.
Data input for station 269 (Jedburgh.SG.ir.P) is over.
Total observations: 311.
Data input for station 270 (Kingledore.SG.ir.P) is over.
Total observations: 310.
Data input for station 271 (Ladyflat.SG.ir.P) is over.
Total observations: 314.
Data input for station 272 (Lauder(New.SG.ir.P) is over.
Total observations: 312.
Data input for station 273 (Lindean.SG.ir.P) is over.
Total observations: 312.
Data input for station 274 (LyneFord.SG.ir.P) is over.
Total observations: 312.
Data input for station 275 (LyneStatio.SG.ir.P) is over.
Total observations: 311.
Data input for station 276 (MarchStree.SG.ir.P) is over.
Total observations: 312.
Data input for station 277 (Mouthbridg.SG.ir.P) is over.
Total observations: 321.
Data input for station 278 (Norham.SG.ir.P) is over.
Total observations: 311.
Data input for station 279 (OrmistonMi.SG.ir.P) is over.
Total observations: 311.
Data input for station 280 (Peebles.SG.ir.P) is over.
Total observations: 311.
Data input for station 281 (Philiphaug.SG.ir.P) is over.
Total observations: 312.
Data input for station 282 (Shiplaw.SG.ir.P) is over.
Total observations: 311.
Data input for station 283 (Sprouston.SG.ir.P) is over.
Total observations: 312.
Data input for station 284 (Stobs.SG.ir.P) is over.
Total observations: 311.
Data input for station 285 (Teviothead.SG.ir.P) is over.
Total observations: 311.
Data input for station 286 (Aberuchill.SG.ir.P) is over.
Total observations: 310.
Data input for station 287 (Aberuthven.SG.ir.P) is over.
Total observations: 309.
Data input for station 288 (Almondbank.SG.ir.P) is over.
Total observations: 310.
Data input for station 289 (Arbroath.SG.ir.P) is over.
Total observations: 322.
Data input for station 290 (ArbroathTi.SG.ir.P) is over.
Total observations: 323.
Data input for station 291 (Auchinner.SG.ir.P) is over.
Total observations: 310.
Data input for station 292 (Balbrogie.SG.ir.P) is over.
Total observations: 310.
Data input for station 293 (Ballathie.SG.ir.P) is over.
Total observations: 309.
Data input for station 294 (Balmossie.SG.ir.P) is over.
Total observations: 322.
Data input for station 295 (Brechin.SG.ir.P) is over.
Total observations: 322.
Data input for station 296 (BridgeofEa.SG.ir.P) is over.
Total observations: 310.
Data input for station 297 (Camusvrach.SG.ir.P) is over.
Total observations: 310.
Data input for station 298 (Colliston.SG.ir.P) is over.
Total observations: 322.
Data input for station 299 (ComrieBrid.SG.ir.P) is over.
Total observations: 309.
Data input for station 300 (Craighall2.SG.ir.P) is over.
Total observations: 308.
Data input for station 301 (Cultybragg.SG.ir.P) is over.
Total observations: 310.
Data input for station 302 (Dalginross.SG.ir.P) is over.
Total observations: 310.
Data input for station 303 (DeanBridge.SG.ir.P) is over.
Total observations: 309.
Data input for station 304 (ForteviotB.SG.ir.P) is over.
Total observations: 309.
Data input for station 305 (GellaBridg.SG.ir.P) is over.
Total observations: 322.
Data input for station 306 (Hermitage.SG.ir.P) is over.
Total observations: 310.
Data input for station 307 (Kemback.SG.ir.P) is over.
Total observations: 324.
Data input for station 308 (Kenmore.SG.ir.P) is over.
Total observations: 310.
Data input for station 309 (Killiecran.SG.ir.P) is over.
Total observations: 321.
Data input for station 310 (Killin.SG.ir.P) is over.
Total observations: 310.
Data input for station 311 (Kindrogan.SG.ir.P) is over.
Total observations: 310.
Data input for station 312 (KinkellBri.SG.ir.P) is over.
Total observations: 310.
Data input for station 313 (KirktonMil.SG.ir.P) is over.
Total observations: 322.
Data input for station 314 (Luncarty.SG.ir.P) is over.
Total observations: 310.
Data input for station 315 (MarbleLodg.SG.ir.P) is over.
Total observations: 320.
Data input for station 316 (MillBank.SG.ir.P) is over.
Total observations: 324.
Data input for station 317 (Moar.SG.ir.P) is over.
Total observations: 309.
Data input for station 318 (NewtonBrid.SG.ir.P) is over.
Total observations: 310.
Data input for station 319 (Perth.SG.ir.P) is over.
Total observations: 310.
Data input for station 320 (Pitlochry.SG.ir.P) is over.
Total observations: 309.
Data input for station 321 (Pitnacree.SG.ir.P) is over.
Total observations: 309.
Data input for station 322 (ProsenBrid.SG.ir.P) is over.
Total observations: 322.
Data input for station 323 (StMichaels.SG.ir.P) is over.
Total observations: 323.
Data input for station 324 (Strathmigl.SG.ir.P) is over.
Total observations: 323.
Data input for station 325 (Tannadice.SG.ir.P) is over.
Total observations: 324.
Data input for station 326 (WesterCard.SG.ir.P) is over.
Total observations: 309.
Data input for station 327 (Overlee.SG.ir.P) is over.
Total observations: 310.
Data input for station 328 (Alness.Q.15) is over.
Total observations: 311.
Data input for station 329 (Park.Q.15) is over.
Total observations: 321.
Data input for station 330 (BalmedieST.RE.15) is over.
Total observations: 235.
Data input for station 331 (Dalbeatti2.RE.15.O) is over.
Total observations: 324.
Data input for station 332 (Woodfoot.TW.ir.O) is over.
Total observations: 309.
Data in put from file data\Data.ZRXPSEND.978561362733168 is completed.
In total, observations from 332 stations were read.
Reading data for set 3 took 1.82105 minutes of CPU time.
